<?xml version="1.0" encoding="UTF-8"?>
<!-- Generated by org.testng.reporters.JUnitReportReporter -->
<testsuite hostname="DESKTOP-7DS4F6L" failures="0" tests="1" name="Academy.ValidateTitle" time="0.063" errors="0" timestamp="2022-04-26T13:11:51 EDT" skipped="0">
  <testcase classname="Academy.ValidateTitle" name="validateHeader" time="0.063"/>
  <system-out/>
</testsuite> <!-- Academy.ValidateTitle -->
