<?xml version="1.0" encoding="UTF-8"?>
<!-- Generated by org.testng.reporters.JUnitReportReporter -->
<testsuite hostname="DESKTOP-7DS4F6L" failures="0" tests="2" name="Academy.Homepage" time="81.537" errors="0" timestamp="2022-07-12T17:27:34 EDT" skipped="0">
  <testcase classname="Academy.Homepage" name="basePageNavigation" time="35.011"/>
  <system-out/>
  <testcase classname="Academy.Homepage" name="basePageNavigation" time="46.526"/>
  <system-out/>
</testsuite> <!-- Academy.Homepage -->
