<?xml version="1.0" encoding="UTF-8"?>
<!-- Generated by org.testng.reporters.JUnitReportReporter -->
<testsuite hostname="DESKTOP-7DS4F6L" failures="0" tests="1" name="Academy.ValidateNavigationBar" time="27.114" errors="0" timestamp="26 Apr 2022 17:13:55 GMT">
  <testcase classname="Academy.ValidateNavigationBar" name="validateNavigationBar" time="27.114"/>
</testsuite> <!-- Academy.ValidateNavigationBar -->
