<?xml version="1.0" encoding="UTF-8"?>
<!-- Generated by org.testng.reporters.JUnitReportReporter -->
<testsuite hostname="DESKTOP-7DS4F6L" failures="0" tests="2" name="Academy.Homepage" time="47.647" errors="0" timestamp="26 Apr 2022 17:13:55 GMT">
  <testcase classname="Academy.Homepage" name="basePageNavigation" time="29.720"/>
  <testcase classname="Academy.Homepage" name="basePageNavigation" time="17.927"/>
</testsuite> <!-- Academy.Homepage -->
